  main.c
e:\자료\대학자료\2016년\1학기\알고리즘\algorithm\noerror\noerror\redblack.h : warning C4819: 현재 코드 페이지(949)에서 표시할 수 없는 문자가 파일에 들어 있습니다. 데이터가 손실되지 않게 하려면 해당 파일을 유니코드 형식으로 저장하십시오.
e:\자료\대학자료\2016년\1학기\알고리즘\algorithm\noerror\noerror\main.c(153): warning C4244: '함수': 'time_t'에서 'unsigned int'(으)로 변환하면서 데이터가 손실될 수 있습니다.
e:\자료\대학자료\2016년\1학기\알고리즘\algorithm\noerror\noerror\main.c(238): warning C4553: '==': 의미 없는 연산자입니다. '='을(를) 사용하려고 했습니까?
e:\자료\대학자료\2016년\1학기\알고리즘\algorithm\noerror\noerror\main.c(248): warning C4553: '==': 의미 없는 연산자입니다. '='을(를) 사용하려고 했습니까?
e:\자료\대학자료\2016년\1학기\알고리즘\algorithm\noerror\noerror\main.c(259): warning C4553: '==': 의미 없는 연산자입니다. '='을(를) 사용하려고 했습니까?
e:\자료\대학자료\2016년\1학기\알고리즘\algorithm\noerror\noerror\main.c(267): warning C4553: '==': 의미 없는 연산자입니다. '='을(를) 사용하려고 했습니까?
e:\자료\대학자료\2016년\1학기\알고리즘\algorithm\noerror\noerror\main.c(276): warning C4553: '==': 의미 없는 연산자입니다. '='을(를) 사용하려고 했습니까?
e:\자료\대학자료\2016년\1학기\알고리즘\algorithm\noerror\noerror\main.c(148): warning C4996: 'strcpy': This function or variable may be unsafe. Consider using strcpy_s instead. To disable deprecation, use _CRT_SECURE_NO_WARNINGS. See online help for details.
  c:\program files (x86)\windows kits\10\include\10.0.10240.0\ucrt\string.h(119): note: 'strcpy' 선언을 참조하십시오.
e:\자료\대학자료\2016년\1학기\알고리즘\algorithm\noerror\noerror\main.c(149): warning C4996: 'strcpy': This function or variable may be unsafe. Consider using strcpy_s instead. To disable deprecation, use _CRT_SECURE_NO_WARNINGS. See online help for details.
  c:\program files (x86)\windows kits\10\include\10.0.10240.0\ucrt\string.h(119): note: 'strcpy' 선언을 참조하십시오.
e:\자료\대학자료\2016년\1학기\알고리즘\algorithm\noerror\noerror\main.c(150): warning C4996: 'strcpy': This function or variable may be unsafe. Consider using strcpy_s instead. To disable deprecation, use _CRT_SECURE_NO_WARNINGS. See online help for details.
  c:\program files (x86)\windows kits\10\include\10.0.10240.0\ucrt\string.h(119): note: 'strcpy' 선언을 참조하십시오.
e:\자료\대학자료\2016년\1학기\알고리즘\algorithm\noerror\noerror\main.c(151): warning C4996: 'strcpy': This function or variable may be unsafe. Consider using strcpy_s instead. To disable deprecation, use _CRT_SECURE_NO_WARNINGS. See online help for details.
  c:\program files (x86)\windows kits\10\include\10.0.10240.0\ucrt\string.h(119): note: 'strcpy' 선언을 참조하십시오.
e:\자료\대학자료\2016년\1학기\알고리즘\algorithm\noerror\noerror\main.c(152): warning C4996: 'strcpy': This function or variable may be unsafe. Consider using strcpy_s instead. To disable deprecation, use _CRT_SECURE_NO_WARNINGS. See online help for details.
  c:\program files (x86)\windows kits\10\include\10.0.10240.0\ucrt\string.h(119): note: 'strcpy' 선언을 참조하십시오.
e:\자료\대학자료\2016년\1학기\알고리즘\algorithm\noerror\noerror\main.c(330): warning C4996: 'scanf': This function or variable may be unsafe. Consider using scanf_s instead. To disable deprecation, use _CRT_SECURE_NO_WARNINGS. See online help for details.
  c:\program files (x86)\windows kits\10\include\10.0.10240.0\ucrt\stdio.h(1270): note: 'scanf' 선언을 참조하십시오.
  noerror.vcxproj -> E:\자료\대학자료\2016년\1학기\알고리즘\Algorithm\noerror\Debug\noerror.exe
